Ansys Lumerical 2020 R2 FDTD Solver Version 8.24.2387 (Windows 64bit)
 expires (month/day/year): 12/31/2035
using config file: Ansys Licensing set with ANSYSLMD_LICENSE_FILE
license host: 
current time: Wed Aug 21 02:21:53 2024
Running on host: PcDaPatagonia
host available memory (GB): 10.797658
All processes are communicating and ready to proceed to simulation...
Running fsp file: C:\Program Files\Lumerical\v202\bin\fdtd-engine-msmpi.exe -t 1 -remote C:/Users/andre/Documents/UFCG/Photonics/Arquivos/Photonic-temperature-sensor/coupling.fsp
Starting meshing
Simulation size in gridpoints: 1 x 97 x 41
Refined 0 mesh cells (0%)
Completed meshing!
Meshing complete in 0 seconds of CPU time
Starting meshing
Simulation size in gridpoints: 1 x 97 x 41
Refined 0 mesh cells (0%)
Completed meshing!
Meshing complete in 0 seconds of CPU time
Starting meshing
Simulation size in gridpoints: 1 x 97 x 41
Refined 0 mesh cells (0%)
Completed meshing!
Meshing complete in 0.015625 seconds of CPU time
Starting meshing
Simulation size in gridpoints: 1 x 97 x 41
Refined 0 mesh cells (0%)
Completed meshing!
Meshing complete in 0.015625 seconds of CPU time
Starting meshing
Simulation size in gridpoints: 1 x 97 x 41
Refined 0 mesh cells (0%)
Completed meshing!
Meshing complete in 0 seconds of CPU time
Starting meshing
Simulation size in gridpoints: 1 x 97 x 41
Refined 0 mesh cells (0%)
Completed meshing!
Meshing complete in 0 seconds of CPU time
left is a duplicate key.
bottom is a duplicate key.
z1 is a duplicate key.
z2 is a duplicate key.
Nx is a duplicate key.
Ny is a duplicate key.
Nz is a duplicate key.
Starting meshing
Simulation size in gridpoints: 1 x 97 x 41
Refined 0 mesh cells (0%)
Completed meshing!
Meshing complete in 0 seconds of CPU time
Starting meshing
Simulation size in gridpoints: 1 x 97 x 41
Refined 0 mesh cells (0%)
Completed meshing!
Meshing complete in 0 seconds of CPU time
Starting meshing
Simulation size in gridpoints: 1 x 97 x 41
Refined 0 mesh cells (0%)
Completed meshing!
Meshing complete in 0 seconds of CPU time
left is a duplicate key.
bottom is a duplicate key.
z1 is a duplicate key.
z2 is a duplicate key.
Nx is a duplicate key.
Ny is a duplicate key.
Nz is a duplicate key.
Starting meshing
Simulation size in gridpoints: 98 x 1 x 41
Refined 0 mesh cells (0%)
Completed meshing!
Meshing complete in 0 seconds of CPU time
Starting meshing
Simulation size in gridpoints: 98 x 1 x 41
Refined 0 mesh cells (0%)
Completed meshing!
Meshing complete in 0.015625 seconds of CPU time
Starting meshing
Simulation size in gridpoints: 98 x 1 x 41
Refined 0 mesh cells (0%)
Completed meshing!
Meshing complete in 0 seconds of CPU time
left is a duplicate key.
bottom is a duplicate key.
z1 is a duplicate key.
z2 is a duplicate key.
Nx is a duplicate key.
Ny is a duplicate key.
Nz is a duplicate key.
number of processors is 12
processors are distributed as: 4x3x1
Running 3D Simulation
Starting meshing
Simulation size in gridpoints: 108 x 112 x 55
Refined 0 mesh cells (0%)
Completed meshing!
Meshing complete in 1.03125 seconds of CPU time
0 0
Starting meshing
Simulation size in gridpoints: 108 x 112 x 55
Refined 0 mesh cells (0%)
Completed meshing!
Meshing complete in 1.14062 seconds of CPU time
0 0
Starting meshing
Simulation size in gridpoints: 108 x 112 x 55
Refined 0 mesh cells (0%)
Completed meshing!
Meshing complete in 1.21875 seconds of CPU time
0 0
finished material properties
Meshing Time: 3.32339 seconds, Init Electrical Material Time: 0.0777955 seconds, Init Magnetic Material Time: 0.0023839
Using selected optimization level: 2
Selecting 3d kernel for splitFieldDirection=0 and optLevel=2
-----------------------------------------
Beginning initialization of 3D Simulation
Starting to add sources to simulation
Adding 3D Mode source propagating in X
Using frequency dependent profile
Starting to add boundary conditions to simulation
Adding 3D PML BC
Adding 3D Parallel BC
Adding 3D PML BC
Adding 3D Parallel BC
Adding 3D PML BC
Adding 3D PML BC
Starting to add monitors to Simulation
Adding analysis monitor
Adding 3D DFT monitor
Adding 3D DFT monitor
Adding 3D DFT monitor
Adding 3D DFT monitor
Finished initialization of 3D Simulation
-----------------------------------------
All processes are communicating and ready to proceed to simulation...
Starting 67136 total iterations
0.0357483% complete. Max time remaining: 3 hrs, 15 mins, 26 secs. Auto Shutoff: 1
1.0367% complete. Max time remaining: 3 hrs, 10 mins, 49 secs. Auto Shutoff: 1
2.03765% complete. Max time remaining: 3 hrs, 5 mins, 30 secs. Auto Shutoff: 0.940657
3.0386% complete. Max time remaining: 2 hrs, 55 mins, 9 secs. Auto Shutoff: 0.942336
4.03956% complete. Max time remaining: 2 hrs, 49 mins, 7 secs. Auto Shutoff: 0.944763
5.04051% complete. Max time remaining: 2 hrs, 44 mins, 57 secs. Auto Shutoff: 0.141582
6.04146% complete. Max time remaining: 2 hrs, 41 mins, 21 secs. Auto Shutoff: 0.00420065
100% complete. Max time remaining: 0 mins, 0 secs. Auto Shutoff: 9.23843e-06
Early termination of simulation, the autoshutoff criteria are satisfied.
Completed 4479 iterations, or 2.668609e-13s of Simulation Time
Process 0 starting to collect data
    collecting monitor data
    collecting source data
Using frequency dependent profile
Finished collecting data
left is a duplicate key.
bottom is a duplicate key.
z1 is a duplicate key.
z2 is a duplicate key.
Nx is a duplicate key.
Ny is a duplicate key.
Nz is a duplicate key.
left is a duplicate key.
bottom is a duplicate key.
z1 is a duplicate key.
z2 is a duplicate key.
Nx is a duplicate key.
Ny is a duplicate key.
Nz is a duplicate key.
left is a duplicate key.
bottom is a duplicate key.
z1 is a duplicate key.
z2 is a duplicate key.
Nx is a duplicate key.
Ny is a duplicate key.
Nz is a duplicate key.
Simulation completed successfully at: Wed Aug 21 02:34:00 2024
Overall wall time measurements in seconds: 730.615
    time to mesh and initialize: 23.7048
    time to run FDTD simulation: 685.691
    time to checkpoint simulation: 4.7e-06
    time to finalize data and save to files: 16.1027
    miscellaneous time: 5.11718
    FDTD solver speed on process 0: 4.34568 Mnodes/s
    total FDTD solver speed on 12 processes: 52.1481 Mnodes/s
