Warning: your license expires in 0 days!
Ansys Lumerical 2022 R1.3 FDTD Solver Version 8.27.3016 (Windows 64bit)
 expires (month/day/year): 8/21/2024
using config file: Ansys Licensing set with ANSYSLMD_LICENSE_FILE
license host: 1055@10.75.13.24
current time: qua ago 21 07:02:54 2024
Running on host: DESKTOP-P6US4U1
host available memory (GB): 59.803910
All processes are communicating and ready to proceed to simulation...
Running fsp file: C:\Program Files\Lumerical\v221\bin\fdtd-engine-msmpi.exe -t 1 -remote C:/Users/PC/Documents/Photonics/Photonic-temperature-sensor/temp_sensor.fsp
Starting meshing
Simulation size in gridpoints: 1 x 99 x 42
Refined 0 mesh cells (0%)
Completed meshing!
Meshing complete in 0 seconds of CPU time
Starting meshing
Simulation size in gridpoints: 1 x 99 x 42
Refined 0 mesh cells (0%)
Completed meshing!
Meshing complete in 0 seconds of CPU time
Starting meshing
Simulation size in gridpoints: 1 x 99 x 42
Refined 0 mesh cells (0%)
Completed meshing!
Meshing complete in 0 seconds of CPU time
Starting meshing
Simulation size in gridpoints: 1 x 99 x 42
Refined 0 mesh cells (0%)
Completed meshing!
Meshing complete in 0 seconds of CPU time
Starting meshing
Simulation size in gridpoints: 1 x 99 x 42
Refined 0 mesh cells (0%)
Completed meshing!
Meshing complete in 0 seconds of CPU time
Starting meshing
Simulation size in gridpoints: 1 x 99 x 42
Refined 0 mesh cells (0%)
Completed meshing!
Meshing complete in 0 seconds of CPU time
left is a duplicate key.
bottom is a duplicate key.
z1 is a duplicate key.
z2 is a duplicate key.
Nx is a duplicate key.
Ny is a duplicate key.
Nz is a duplicate key.
Starting meshing
Simulation size in gridpoints: 1 x 99 x 42
Refined 0 mesh cells (0%)
Completed meshing!
Meshing complete in 0 seconds of CPU time
Starting meshing
Simulation size in gridpoints: 1 x 99 x 42
Refined 0 mesh cells (0%)
Completed meshing!
Meshing complete in 0 seconds of CPU time
Starting meshing
Simulation size in gridpoints: 1 x 99 x 42
Refined 0 mesh cells (0%)
Completed meshing!
Meshing complete in 0 seconds of CPU time
left is a duplicate key.
bottom is a duplicate key.
z1 is a duplicate key.
z2 is a duplicate key.
Nx is a duplicate key.
Ny is a duplicate key.
Nz is a duplicate key.
number of processors is 24
processors are distributed as: 4x6x1
Running 3D Simulation
Starting meshing
Simulation size in gridpoints: 111 x 80 x 56
Refined 0 mesh cells (0%)
Completed meshing!
Meshing complete in 0.3125 seconds of CPU time
0 0
Starting meshing
Simulation size in gridpoints: 111 x 80 x 56
Refined 0 mesh cells (0%)
Completed meshing!
Meshing complete in 0.3125 seconds of CPU time
0 0
Starting meshing
Simulation size in gridpoints: 111 x 80 x 56
Refined 0 mesh cells (0%)
Completed meshing!
Meshing complete in 0.296875 seconds of CPU time
0 0
finished material properties
Meshing Time: 0.643413 seconds, Init Electrical Material Time: 0.0316586 seconds, Init Magnetic Material Time: 0.0008105
Using selected optimization level: 2
Selecting 3d kernel for splitFieldDirection=0 and optLevel=2
-----------------------------------------
Beginning initialization of 3D Simulation
Starting to add sources to simulation
Adding 3D Mode source propagating in X
Using frequency dependent profile
Starting to add boundary conditions to simulation
Adding 3D PML BC
Adding 3D Parallel BC
Adding 3D PML BC
Adding 3D Parallel BC
Adding 3D PML BC
Adding 3D PML BC
Starting to add monitors to Simulation
Adding analysis monitor
Adding 3D DFT monitor
Adding 3D DFT monitor
Adding 3D DFT monitor
Finished initialization of 3D Simulation
-----------------------------------------
All processes are communicating and ready to proceed to simulation...
Starting 102778 total iterations
0.0467028% complete. Max time remaining: 43 mins, 6 secs. Auto Shutoff: 1
1.1053% complete. Max time remaining: 41 mins, 58 secs. Auto Shutoff: 1
2.16389% complete. Max time remaining: 41 mins, 19 secs. Auto Shutoff: 0.961048
3.22249% complete. Max time remaining: 40 mins, 50 secs. Auto Shutoff: 0.81526
4.28109% complete. Max time remaining: 40 mins, 21 secs. Auto Shutoff: 0.00429704
5.33968% complete. Max time remaining: 39 mins, 54 secs. Auto Shutoff: 0.00428658
6.39828% complete. Max time remaining: 39 mins, 27 secs. Auto Shutoff: 0.00428425
7.45687% complete. Max time remaining: 39 mins, 0 secs. Auto Shutoff: 0.00425778
8.51547% complete. Max time remaining: 38 mins, 34 secs. Auto Shutoff: 0.00436123
9.57406% complete. Max time remaining: 38 mins, 6 secs. Auto Shutoff: 0.00435954
10.6327% complete. Max time remaining: 37 mins, 40 secs. Auto Shutoff: 0.00390752
11.6913% complete. Max time remaining: 37 mins, 13 secs. Auto Shutoff: 0.00390214
12.7499% complete. Max time remaining: 36 mins, 46 secs. Auto Shutoff: 0.00390738
13.8084% complete. Max time remaining: 36 mins, 19 secs. Auto Shutoff: 0.00383711
14.867% complete. Max time remaining: 35 mins, 52 secs. Auto Shutoff: 0.00383066
15.9256% complete. Max time remaining: 35 mins, 25 secs. Auto Shutoff: 0.00361863
16.9842% complete. Max time remaining: 34 mins, 59 secs. Auto Shutoff: 0.00411116
18.0428% complete. Max time remaining: 34 mins, 32 secs. Auto Shutoff: 0.00394305
19.1014% complete. Max time remaining: 34 mins, 5 secs. Auto Shutoff: 0.00383426
20.16% complete. Max time remaining: 33 mins, 38 secs. Auto Shutoff: 0.00364664
21.2186% complete. Max time remaining: 33 mins, 12 secs. Auto Shutoff: 0.0037437
22.2772% complete. Max time remaining: 32 mins, 45 secs. Auto Shutoff: 0.00347801
23.3358% complete. Max time remaining: 32 mins, 18 secs. Auto Shutoff: 0.00358222
24.3944% complete. Max time remaining: 31 mins, 52 secs. Auto Shutoff: 0.00343225
25.453% complete. Max time remaining: 31 mins, 25 secs. Auto Shutoff: 0.00365965
26.5116% complete. Max time remaining: 30 mins, 58 secs. Auto Shutoff: 0.00342155
27.5702% complete. Max time remaining: 30 mins, 32 secs. Auto Shutoff: 0.00342694
28.6288% complete. Max time remaining: 30 mins, 5 secs. Auto Shutoff: 0.00356313
29.6874% complete. Max time remaining: 29 mins, 38 secs. Auto Shutoff: 0.00365559
30.746% complete. Max time remaining: 29 mins, 11 secs. Auto Shutoff: 0.00320882
31.8046% complete. Max time remaining: 28 mins, 44 secs. Auto Shutoff: 0.00330771
32.8632% complete. Max time remaining: 28 mins, 18 secs. Auto Shutoff: 0.00313314
33.9218% complete. Max time remaining: 27 mins, 51 secs. Auto Shutoff: 0.00321224
34.9804% complete. Max time remaining: 27 mins, 24 secs. Auto Shutoff: 0.00318146
36.039% complete. Max time remaining: 26 mins, 58 secs. Auto Shutoff: 0.00322503
37.0976% complete. Max time remaining: 26 mins, 31 secs. Auto Shutoff: 0.00323019
38.1562% complete. Max time remaining: 26 mins, 4 secs. Auto Shutoff: 0.00322441
39.2147% complete. Max time remaining: 25 mins, 37 secs. Auto Shutoff: 0.00305868
40.2733% complete. Max time remaining: 25 mins, 10 secs. Auto Shutoff: 0.00323304
41.3319% complete. Max time remaining: 24 mins, 44 secs. Auto Shutoff: 0.00312624
42.3905% complete. Max time remaining: 24 mins, 17 secs. Auto Shutoff: 0.00310509
43.4491% complete. Max time remaining: 23 mins, 50 secs. Auto Shutoff: 0.00305284
44.5077% complete. Max time remaining: 23 mins, 23 secs. Auto Shutoff: 0.00297316
45.5663% complete. Max time remaining: 22 mins, 57 secs. Auto Shutoff: 0.00298101
46.6249% complete. Max time remaining: 22 mins, 30 secs. Auto Shutoff: 0.00296072
47.6835% complete. Max time remaining: 22 mins, 3 secs. Auto Shutoff: 0.00298748
48.7421% complete. Max time remaining: 21 mins, 36 secs. Auto Shutoff: 0.00321903
49.8007% complete. Max time remaining: 21 mins, 9 secs. Auto Shutoff: 0.00317414
50.8593% complete. Max time remaining: 20 mins, 43 secs. Auto Shutoff: 0.00304811
51.9179% complete. Max time remaining: 20 mins, 16 secs. Auto Shutoff: 0.0030191
52.9765% complete. Max time remaining: 19 mins, 49 secs. Auto Shutoff: 0.00300342
54.0351% complete. Max time remaining: 19 mins, 23 secs. Auto Shutoff: 0.0029895
55.0937% complete. Max time remaining: 18 mins, 56 secs. Auto Shutoff: 0.00290023
56.1523% complete. Max time remaining: 18 mins, 29 secs. Auto Shutoff: 0.00289258
57.2109% complete. Max time remaining: 18 mins, 2 secs. Auto Shutoff: 0.00301121
58.2695% complete. Max time remaining: 17 mins, 35 secs. Auto Shutoff: 0.00316019
59.3281% complete. Max time remaining: 17 mins, 9 secs. Auto Shutoff: 0.0030025
60.3867% complete. Max time remaining: 16 mins, 42 secs. Auto Shutoff: 0.00299492
61.4453% complete. Max time remaining: 16 mins, 15 secs. Auto Shutoff: 0.00288622
62.5039% complete. Max time remaining: 15 mins, 48 secs. Auto Shutoff: 0.00292669
63.5625% complete. Max time remaining: 15 mins, 22 secs. Auto Shutoff: 0.00302103
64.621% complete. Max time remaining: 14 mins, 55 secs. Auto Shutoff: 0.00287499
65.6796% complete. Max time remaining: 14 mins, 28 secs. Auto Shutoff: 0.00269948
66.7382% complete. Max time remaining: 14 mins, 1 secs. Auto Shutoff: 0.00286731
67.7968% complete. Max time remaining: 13 mins, 34 secs. Auto Shutoff: 0.00267739
68.8554% complete. Max time remaining: 13 mins, 8 secs. Auto Shutoff: 0.0029821
69.914% complete. Max time remaining: 12 mins, 41 secs. Auto Shutoff: 0.00278598
70.9726% complete. Max time remaining: 12 mins, 14 secs. Auto Shutoff: 0.00284487
72.0312% complete. Max time remaining: 11 mins, 47 secs. Auto Shutoff: 0.0027552
73.0898% complete. Max time remaining: 11 mins, 21 secs. Auto Shutoff: 0.00285134
74.1484% complete. Max time remaining: 10 mins, 54 secs. Auto Shutoff: 0.00271751
75.207% complete. Max time remaining: 10 mins, 27 secs. Auto Shutoff: 0.00280949
76.2656% complete. Max time remaining: 10 mins, 0 secs. Auto Shutoff: 0.00260919
77.3242% complete. Max time remaining: 9 mins, 33 secs. Auto Shutoff: 0.00301913
78.3828% complete. Max time remaining: 9 mins, 7 secs. Auto Shutoff: 0.00274169
79.4414% complete. Max time remaining: 8 mins, 40 secs. Auto Shutoff: 0.00273172
80.5% complete. Max time remaining: 8 mins, 13 secs. Auto Shutoff: 0.00274285
81.5586% complete. Max time remaining: 7 mins, 46 secs. Auto Shutoff: 0.00291659
82.6172% complete. Max time remaining: 7 mins, 20 secs. Auto Shutoff: 0.00270342
83.6758% complete. Max time remaining: 6 mins, 53 secs. Auto Shutoff: 0.00256822
84.7344% complete. Max time remaining: 6 mins, 26 secs. Auto Shutoff: 0.00262808
85.793% complete. Max time remaining: 5 mins, 59 secs. Auto Shutoff: 0.00260058
86.8516% complete. Max time remaining: 5 mins, 33 secs. Auto Shutoff: 0.00256158
87.9102% complete. Max time remaining: 5 mins, 6 secs. Auto Shutoff: 0.00268478
88.9687% complete. Max time remaining: 4 mins, 39 secs. Auto Shutoff: 0.00271621
90.0273% complete. Max time remaining: 4 mins, 12 secs. Auto Shutoff: 0.00258359
91.0859% complete. Max time remaining: 3 mins, 45 secs. Auto Shutoff: 0.00252775
92.1445% complete. Max time remaining: 3 mins, 19 secs. Auto Shutoff: 0.00246231
93.2031% complete. Max time remaining: 2 mins, 52 secs. Auto Shutoff: 0.00262716
94.2617% complete. Max time remaining: 2 mins, 25 secs. Auto Shutoff: 0.00262798
95.3203% complete. Max time remaining: 1 min, 58 secs. Auto Shutoff: 0.00262211
96.3789% complete. Max time remaining: 1 min, 32 secs. Auto Shutoff: 0.00255846
97.4375% complete. Max time remaining: 1 min, 5 secs. Auto Shutoff: 0.00259721
98.4961% complete. Max time remaining: 38 secs. Auto Shutoff: 0.00249614
99.5547% complete. Max time remaining: 11 secs. Auto Shutoff: 0.00259075
Completed 102778 iterations, or 6.000020e-12s of Simulation Time
Process 0 starting to collect data
    collecting monitor data
    collecting source data
Using frequency dependent profile
Finished collecting data
left is a duplicate key.
bottom is a duplicate key.
z1 is a duplicate key.
z2 is a duplicate key.
Nx is a duplicate key.
Ny is a duplicate key.
Nz is a duplicate key.
left is a duplicate key.
bottom is a duplicate key.
z1 is a duplicate key.
z2 is a duplicate key.
Nx is a duplicate key.
Ny is a duplicate key.
Nz is a duplicate key.
Simulation completed successfully at: qua ago 21 07:45:21 2024
Overall wall time measurements in seconds: 2560.03
    time to mesh and initialize: 6.02815
    time to run FDTD simulation: 2529.97
    time to checkpoint simulation: 3e-07
    time to finalize data and save to files: 10.3791
    miscellaneous time: 13.648
    FDTD solver speed on process 0: 20.2016 Mnodes/s
    total FDTD solver speed on 24 processes: 484.838 Mnodes/s
