Ansys Lumerical 2020 R2 Variational FDTD Solver Version 7.16.2387 (Windows 64bit)
 expires (month/day/year): 12/31/2035
using config file: Ansys Licensing set with ANSYSLMD_LICENSE_FILE
license host: 
current time: Wed Aug 14 00:26:11 2024
Running on host: PcDaPatagonia
All processes are communicating and ready to proceed to simulation...
Running lms file: C:\Program Files\Lumerical\v202\bin\varfdtd-engine-msmpi.exe -t 1 -remote C:/Users/andre/Documents/UFCG/Photonics/Arquivos/Photonic-temperature-sensor/temperature_sensor.lms
Starting meshing
Simulation size in gridpoints: 1 x 120 x 1
Refined 0 mesh cells (0%)
Completed meshing!
Meshing complete in 0 seconds of CPU time
Starting meshing
Simulation size in gridpoints: 1 x 120 x 1
Refined 0 mesh cells (0%)
Completed meshing!
Meshing complete in 0 seconds of CPU time
Starting meshing
Simulation size in gridpoints: 1 x 120 x 1
Refined 0 mesh cells (0%)
Completed meshing!
Meshing complete in 0 seconds of CPU time
number of processors is 12
processors are distributed as: 4x3x1
Running TE Simulation
Starting meshing
Simulation size in gridpoints: 169 x 204 x 1
Refined 0 mesh cells (0%)
Completed meshing!
Meshing complete in 0.03125 seconds of CPU time
0 0
Starting meshing
Simulation size in gridpoints: 169 x 204 x 1
Refined 0 mesh cells (0%)
Completed meshing!
Meshing complete in 0.03125 seconds of CPU time
0 0
finished material properties
Selected kernel with optimization level: 0 and split-field propagation direction: 0
-----------------------------------------
Beginning initialization of TE Simulation
Starting to add sources to simulation
Adding TE Mode Source propagating in X
Starting to add boundary conditions to simulation
Adding TE PML BC
Adding TE parallel BC
Adding TE PML BC
Adding TE parallel BC
Starting to add monitors to Simulation
Adding analysis monitor
Adding TE DFT monitor
Adding TE DFT monitor
Finished initialization of TE Simulation
-----------------------------------------
All processes are communicating and ready to proceed to simulation...
Starting 215522 total iterations
0% complete. Max time remaining: 1 hr, 13 mins, 34 secs. Auto Shutoff: 1
1% complete. Max time remaining: 44 mins, 34 secs. Auto Shutoff: 1
2% complete. Max time remaining: 41 mins, 52 secs. Auto Shutoff: 1
3% complete. Max time remaining: 41 mins, 10 secs. Auto Shutoff: 0.0303198
4% complete. Max time remaining: 40 mins, 19 secs. Auto Shutoff: 0.00181969
5% complete. Max time remaining: 39 mins, 45 secs. Auto Shutoff: 0.00183476
6% complete. Max time remaining: 39 mins, 22 secs. Auto Shutoff: 0.00179127
7% complete. Max time remaining: 38 mins, 34 secs. Auto Shutoff: 0.00180075
8% complete. Max time remaining: 38 mins, 12 secs. Auto Shutoff: 0.00180626
9% complete. Max time remaining: 37 mins, 39 secs. Auto Shutoff: 0.00179759
10% complete. Max time remaining: 37 mins, 14 secs. Auto Shutoff: 0.0017837
11% complete. Max time remaining: 36 mins, 48 secs. Auto Shutoff: 0.00181302
12% complete. Max time remaining: 36 mins, 22 secs. Auto Shutoff: 0.00176578
13% complete. Max time remaining: 35 mins, 53 secs. Auto Shutoff: 0.00178503
14% complete. Max time remaining: 35 mins, 32 secs. Auto Shutoff: 0.00176765
15% complete. Max time remaining: 35 mins, 1 secs. Auto Shutoff: 0.00182015
16% complete. Max time remaining: 34 mins, 40 secs. Auto Shutoff: 0.00182206
17% complete. Max time remaining: 34 mins, 15 secs. Auto Shutoff: 0.0017953
18% complete. Max time remaining: 33 mins, 47 secs. Auto Shutoff: 0.0017535
19% complete. Max time remaining: 33 mins, 26 secs. Auto Shutoff: 0.00184326
20% complete. Max time remaining: 33 mins, 2 secs. Auto Shutoff: 0.00178942
21% complete. Max time remaining: 32 mins, 36 secs. Auto Shutoff: 0.00181939
22% complete. Max time remaining: 32 mins, 12 secs. Auto Shutoff: 0.00175986
23% complete. Max time remaining: 31 mins, 46 secs. Auto Shutoff: 0.00174648
24% complete. Max time remaining: 31 mins, 24 secs. Auto Shutoff: 0.00183584
25% complete. Max time remaining: 31 mins, 2 secs. Auto Shutoff: 0.0017643
26% complete. Max time remaining: 30 mins, 36 secs. Auto Shutoff: 0.00183133
27% complete. Max time remaining: 30 mins, 12 secs. Auto Shutoff: 0.00175722
28% complete. Max time remaining: 29 mins, 49 secs. Auto Shutoff: 0.00177061
29% complete. Max time remaining: 29 mins, 24 secs. Auto Shutoff: 0.00174674
30% complete. Max time remaining: 29 mins, 0 secs. Auto Shutoff: 0.00172995
31% complete. Max time remaining: 28 mins, 34 secs. Auto Shutoff: 0.00176829
32% complete. Max time remaining: 28 mins, 12 secs. Auto Shutoff: 0.00179543
33% complete. Max time remaining: 27 mins, 48 secs. Auto Shutoff: 0.00175035
34% complete. Max time remaining: 27 mins, 24 secs. Auto Shutoff: 0.00172372
35% complete. Max time remaining: 26 mins, 58 secs. Auto Shutoff: 0.00173725
36% complete. Max time remaining: 26 mins, 32 secs. Auto Shutoff: 0.00184862
37% complete. Max time remaining: 26 mins, 7 secs. Auto Shutoff: 0.00180356
38% complete. Max time remaining: 25 mins, 38 secs. Auto Shutoff: 0.00172299
39% complete. Max time remaining: 25 mins, 15 secs. Auto Shutoff: 0.00172283
40% complete. Max time remaining: 24 mins, 57 secs. Auto Shutoff: 0.00181385
41% complete. Max time remaining: 24 mins, 31 secs. Auto Shutoff: 0.00177997
42% complete. Max time remaining: 24 mins, 6 secs. Auto Shutoff: 0.00171739
43% complete. Max time remaining: 23 mins, 45 secs. Auto Shutoff: 0.00173741
44% complete. Max time remaining: 23 mins, 17 secs. Auto Shutoff: 0.00171303
45% complete. Max time remaining: 22 mins, 52 secs. Auto Shutoff: 0.00178039
46% complete. Max time remaining: 22 mins, 26 secs. Auto Shutoff: 0.00173778
47% complete. Max time remaining: 22 mins, 1 secs. Auto Shutoff: 0.00181692
48% complete. Max time remaining: 21 mins, 36 secs. Auto Shutoff: 0.00176094
49% complete. Max time remaining: 21 mins, 9 secs. Auto Shutoff: 0.00173354
50% complete. Max time remaining: 20 mins, 44 secs. Auto Shutoff: 0.00178059
51% complete. Max time remaining: 20 mins, 18 secs. Auto Shutoff: 0.00182206
52% complete. Max time remaining: 19 mins, 52 secs. Auto Shutoff: 0.00170118
53% complete. Max time remaining: 19 mins, 25 secs. Auto Shutoff: 0.00173379
54% complete. Max time remaining: 19 mins, 3 secs. Auto Shutoff: 0.00175779
55% complete. Max time remaining: 18 mins, 37 secs. Auto Shutoff: 0.00170388
56% complete. Max time remaining: 18 mins, 12 secs. Auto Shutoff: 0.00168488
57% complete. Max time remaining: 17 mins, 48 secs. Auto Shutoff: 0.00168476
58% complete. Max time remaining: 17 mins, 22 secs. Auto Shutoff: 0.00185016
59% complete. Max time remaining: 16 mins, 57 secs. Auto Shutoff: 0.00169661
60% complete. Max time remaining: 16 mins, 31 secs. Auto Shutoff: 0.00173412
61% complete. Max time remaining: 16 mins, 7 secs. Auto Shutoff: 0.00170591
62% complete. Max time remaining: 15 mins, 43 secs. Auto Shutoff: 0.00186379
63% complete. Max time remaining: 15 mins, 18 secs. Auto Shutoff: 0.00168046
64% complete. Max time remaining: 14 mins, 54 secs. Auto Shutoff: 0.00184166
65% complete. Max time remaining: 14 mins, 29 secs. Auto Shutoff: 0.00175361
66% complete. Max time remaining: 14 mins, 3 secs. Auto Shutoff: 0.00166613
67% complete. Max time remaining: 13 mins, 38 secs. Auto Shutoff: 0.00170247
68% complete. Max time remaining: 13 mins, 13 secs. Auto Shutoff: 0.00189872
69% complete. Max time remaining: 12 mins, 49 secs. Auto Shutoff: 0.0016936
70% complete. Max time remaining: 12 mins, 24 secs. Auto Shutoff: 0.00168035
71% complete. Max time remaining: 11 mins, 58 secs. Auto Shutoff: 0.00186988
72% complete. Max time remaining: 11 mins, 33 secs. Auto Shutoff: 0.00180428
73% complete. Max time remaining: 11 mins, 8 secs. Auto Shutoff: 0.00169686
74% complete. Max time remaining: 10 mins, 43 secs. Auto Shutoff: 0.00183644
75% complete. Max time remaining: 10 mins, 19 secs. Auto Shutoff: 0.00189391
76% complete. Max time remaining: 9 mins, 54 secs. Auto Shutoff: 0.00168327
77% complete. Max time remaining: 9 mins, 29 secs. Auto Shutoff: 0.00164254
78% complete. Max time remaining: 9 mins, 4 secs. Auto Shutoff: 0.00183192
79% complete. Max time remaining: 8 mins, 39 secs. Auto Shutoff: 0.00187396
80% complete. Max time remaining: 8 mins, 14 secs. Auto Shutoff: 0.00173866
81% complete. Max time remaining: 7 mins, 50 secs. Auto Shutoff: 0.00184633
82% complete. Max time remaining: 7 mins, 25 secs. Auto Shutoff: 0.00163797
83% complete. Max time remaining: 7 mins, 0 secs. Auto Shutoff: 0.00170271
84% complete. Max time remaining: 6 mins, 35 secs. Auto Shutoff: 0.00171915
85% complete. Max time remaining: 6 mins, 10 secs. Auto Shutoff: 0.00184309
86% complete. Max time remaining: 5 mins, 45 secs. Auto Shutoff: 0.00177321
87% complete. Max time remaining: 5 mins, 20 secs. Auto Shutoff: 0.00171628
88% complete. Max time remaining: 4 mins, 57 secs. Auto Shutoff: 0.0016856
89% complete. Max time remaining: 4 mins, 32 secs. Auto Shutoff: 0.0016446
90% complete. Max time remaining: 4 mins, 7 secs. Auto Shutoff: 0.00168474
91% complete. Max time remaining: 3 mins, 42 secs. Auto Shutoff: 0.00175556
92% complete. Max time remaining: 3 mins, 17 secs. Auto Shutoff: 0.00172425
93% complete. Max time remaining: 2 mins, 52 secs. Auto Shutoff: 0.00164273
94% complete. Max time remaining: 2 mins, 28 secs. Auto Shutoff: 0.00172346
95% complete. Max time remaining: 2 mins, 3 secs. Auto Shutoff: 0.00163446
96% complete. Max time remaining: 1 min, 38 secs. Auto Shutoff: 0.0020575
97% complete. Max time remaining: 1 min, 13 secs. Auto Shutoff: 0.00173937
98% complete. Max time remaining: 48 secs. Auto Shutoff: 0.00167529
99% complete. Max time remaining: 23 secs. Auto Shutoff: 0.00175265
Completed 215522 iterations, or 9.99999e-12s of Simulation Time
Process 0 starting to collect data
    collecting monitor data
    collecting source data
Finished collecting data
Simulation completed successfully at: Wed Aug 14 01:07:46 2024
Overall wall time measurements in seconds:
    time to mesh and initialize: 1
    time to run FDTD simulation: 2475
    time to finalize data and save to files: 18
    FDTD solver speed: 0 Mnodes/s
    total FDTD solver speed on 12 processes: 0 Mnodes/s
