Ansys Lumerical 2020 R2 FDTD Solver Version 8.24.2387 (Windows 64bit)
 expires (month/day/year): 12/31/2035
using config file: Ansys Licensing set with ANSYSLMD_LICENSE_FILE
license host: 
current time: Mon Aug  5 04:25:57 2024
Running on host: PcDaPatagonia
host available memory (GB): 14.533792
All processes are communicating and ready to proceed to simulation...
Running fsp file: C:\Program Files\Lumerical\v202\bin\fdtd-engine-msmpi.exe -t 1 -remote -hide C:/Users/andre/Documents/UFCG/Photonics/Projetos/Termometro phoda/temp_sensor_s-parametersweep/s-parametersweep_1.fsp
Starting meshing
Simulation size in gridpoints: 1 x 76 x 21
Refined 0 mesh cells (0%)
Completed meshing!
Meshing complete in 0 seconds of CPU time
Starting meshing
Simulation size in gridpoints: 1 x 76 x 21
Refined 0 mesh cells (0%)
Completed meshing!
Meshing complete in 0 seconds of CPU time
Starting meshing
Simulation size in gridpoints: 1 x 76 x 21
Refined 0 mesh cells (0%)
Completed meshing!
Meshing complete in 0.015625 seconds of CPU time
Starting meshing
Simulation size in gridpoints: 1 x 76 x 21
Refined 0 mesh cells (0%)
Completed meshing!
Meshing complete in 0 seconds of CPU time
Starting meshing
Simulation size in gridpoints: 1 x 76 x 21
Refined 0 mesh cells (0%)
Completed meshing!
Meshing complete in 0 seconds of CPU time
Starting meshing
Simulation size in gridpoints: 1 x 76 x 21
Refined 0 mesh cells (0%)
Completed meshing!
Meshing complete in 0 seconds of CPU time
left is a duplicate key.
bottom is a duplicate key.
z1 is a duplicate key.
z2 is a duplicate key.
Nx is a duplicate key.
Ny is a duplicate key.
Nz is a duplicate key.
Starting meshing
Simulation size in gridpoints: 1 x 76 x 21
Refined 0 mesh cells (0%)
Completed meshing!
Meshing complete in 0 seconds of CPU time
Starting meshing
Simulation size in gridpoints: 1 x 76 x 21
Refined 0 mesh cells (0%)
Completed meshing!
Meshing complete in 0.015625 seconds of CPU time
Starting meshing
Simulation size in gridpoints: 1 x 76 x 21
Refined 0 mesh cells (0%)
Completed meshing!
Meshing complete in 0 seconds of CPU time
left is a duplicate key.
bottom is a duplicate key.
z1 is a duplicate key.
z2 is a duplicate key.
Nx is a duplicate key.
Ny is a duplicate key.
Nz is a duplicate key.
number of processors is 12
processors are distributed as: 4x3x1
Running 3D Simulation
Starting meshing
Simulation size in gridpoints: 110 x 132 x 35
Refined 0 mesh cells (0%)
Completed meshing!
Meshing complete in 0.703125 seconds of CPU time
0 0
Starting meshing
Simulation size in gridpoints: 110 x 132 x 35
Refined 0 mesh cells (0%)
Completed meshing!
Meshing complete in 0.984375 seconds of CPU time
0 0
Starting meshing
Simulation size in gridpoints: 110 x 132 x 35
Refined 0 mesh cells (0%)
Completed meshing!
Meshing complete in 0.9375 seconds of CPU time
0 0
finished material properties
Meshing Time: 2.63524 seconds, Init Electrical Material Time: 0.137483 seconds, Init Magnetic Material Time: 0.0017061
Using selected optimization level: 2
Selecting 3d kernel for splitFieldDirection=0 and optLevel=2
-----------------------------------------
Beginning initialization of 3D Simulation
Starting to add sources to simulation
Adding 3D Mode source propagating in X
Using frequency dependent profile
Starting to add boundary conditions to simulation
Adding 3D PML BC
Adding 3D Parallel BC
Adding 3D PML BC
Adding 3D Parallel BC
Adding 3D PML BC
Adding 3D PML BC
Starting to add monitors to Simulation
Adding analysis monitor
Adding 3D DFT monitor
Adding 3D DFT monitor
Finished initialization of 3D Simulation
-----------------------------------------
All processes are communicating and ready to proceed to simulation...
Starting 148869 total iterations
0.0214955% complete. Max time remaining: 4 hrs, 14 mins, 37 secs. Auto Shutoff: 1
1.02641% complete. Max time remaining: 4 hrs, 19 mins, 27 secs. Auto Shutoff: 1.00673
2.03669% complete. Max time remaining: 4 hrs, 14 mins, 16 secs. Auto Shutoff: 0.350587
3.04698% complete. Max time remaining: 4 hrs, 5 mins, 49 secs. Auto Shutoff: 0.0797261
4.05727% complete. Max time remaining: 3 hrs, 58 mins, 35 secs. Auto Shutoff: 0.0414157
5.06755% complete. Max time remaining: 3 hrs, 53 mins, 20 secs. Auto Shutoff: 0.0236025
6.07784% complete. Max time remaining: 3 hrs, 49 mins, 2 secs. Auto Shutoff: 0.0156037
7.08813% complete. Max time remaining: 3 hrs, 45 mins, 18 secs. Auto Shutoff: 0.0123807
8.09841% complete. Max time remaining: 3 hrs, 41 mins, 57 secs. Auto Shutoff: 0.00786016
9.1087% complete. Max time remaining: 3 hrs, 38 mins, 45 secs. Auto Shutoff: 0.00687897
10.119% complete. Max time remaining: 3 hrs, 35 mins, 46 secs. Auto Shutoff: 0.00569303
11.1293% complete. Max time remaining: 3 hrs, 32 mins, 54 secs. Auto Shutoff: 0.00489689
12.1396% complete. Max time remaining: 3 hrs, 30 mins, 5 secs. Auto Shutoff: 0.00498556
13.1498% complete. Max time remaining: 3 hrs, 27 mins, 28 secs. Auto Shutoff: 0.00508987
14.1601% complete. Max time remaining: 3 hrs, 24 mins, 45 secs. Auto Shutoff: 0.00342143
15.1704% complete. Max time remaining: 3 hrs, 22 mins, 5 secs. Auto Shutoff: 0.00344743
16.1807% complete. Max time remaining: 3 hrs, 19 mins, 40 secs. Auto Shutoff: 0.00334005
17.191% complete. Max time remaining: 3 hrs, 17 mins, 4 secs. Auto Shutoff: 0.00264307
18.2013% complete. Max time remaining: 3 hrs, 14 mins, 28 secs. Auto Shutoff: 0.00240547
19.2116% complete. Max time remaining: 3 hrs, 11 mins, 56 secs. Auto Shutoff: 0.00276493
20.2218% complete. Max time remaining: 3 hrs, 9 mins, 23 secs. Auto Shutoff: 0.00216254
21.2321% complete. Max time remaining: 3 hrs, 6 mins, 52 secs. Auto Shutoff: 0.00220067
22.2424% complete. Max time remaining: 3 hrs, 4 mins, 21 secs. Auto Shutoff: 0.00192562
23.2527% complete. Max time remaining: 3 hrs, 1 min, 51 secs. Auto Shutoff: 0.00171219
24.263% complete. Max time remaining: 2 hrs, 59 mins, 28 secs. Auto Shutoff: 0.00178624
25.2733% complete. Max time remaining: 2 hrs, 56 mins, 60 secs. Auto Shutoff: 0.00173419
26.2836% complete. Max time remaining: 2 hrs, 54 mins, 32 secs. Auto Shutoff: 0.00147355
27.2939% complete. Max time remaining: 2 hrs, 52 mins, 4 secs. Auto Shutoff: 0.00135819
28.3041% complete. Max time remaining: 2 hrs, 49 mins, 37 secs. Auto Shutoff: 0.00179531
29.3144% complete. Max time remaining: 2 hrs, 47 mins, 9 secs. Auto Shutoff: 0.00133623
30.3247% complete. Max time remaining: 2 hrs, 44 mins, 43 secs. Auto Shutoff: 0.00155913
31.335% complete. Max time remaining: 2 hrs, 42 mins, 16 secs. Auto Shutoff: 0.0015175
32.3453% complete. Max time remaining: 2 hrs, 39 mins, 51 secs. Auto Shutoff: 0.00157145
33.3556% complete. Max time remaining: 2 hrs, 37 mins, 26 secs. Auto Shutoff: 0.00135341
34.3659% complete. Max time remaining: 2 hrs, 35 mins, 0 secs. Auto Shutoff: 0.00136344
35.3761% complete. Max time remaining: 2 hrs, 32 mins, 35 secs. Auto Shutoff: 0.00135929
36.3864% complete. Max time remaining: 2 hrs, 30 mins, 10 secs. Auto Shutoff: 0.00108407
37.3967% complete. Max time remaining: 2 hrs, 27 mins, 46 secs. Auto Shutoff: 0.00103922
38.407% complete. Max time remaining: 2 hrs, 25 mins, 22 secs. Auto Shutoff: 0.00131651
39.4173% complete. Max time remaining: 2 hrs, 22 mins, 58 secs. Auto Shutoff: 0.0010615
40.4276% complete. Max time remaining: 2 hrs, 20 mins, 33 secs. Auto Shutoff: 0.00105194
41.4379% complete. Max time remaining: 2 hrs, 18 mins, 10 secs. Auto Shutoff: 0.00118166
42.4481% complete. Max time remaining: 2 hrs, 15 mins, 45 secs. Auto Shutoff: 0.000953544
43.4584% complete. Max time remaining: 2 hrs, 13 mins, 21 secs. Auto Shutoff: 0.000916423
44.4687% complete. Max time remaining: 2 hrs, 10 mins, 57 secs. Auto Shutoff: 0.00108323
45.479% complete. Max time remaining: 2 hrs, 8 mins, 33 secs. Auto Shutoff: 0.000933798
46.4893% complete. Max time remaining: 2 hrs, 6 mins, 9 secs. Auto Shutoff: 0.00108161
47.4996% complete. Max time remaining: 2 hrs, 3 mins, 45 secs. Auto Shutoff: 0.000932664
48.5099% complete. Max time remaining: 2 hrs, 1 min, 21 secs. Auto Shutoff: 0.00101444
49.5202% complete. Max time remaining: 1 hr, 58 mins, 58 secs. Auto Shutoff: 0.00103901
50.5304% complete. Max time remaining: 1 hr, 56 mins, 35 secs. Auto Shutoff: 0.000820943
51.5407% complete. Max time remaining: 1 hr, 54 mins, 12 secs. Auto Shutoff: 0.00104548
52.551% complete. Max time remaining: 1 hr, 51 mins, 48 secs. Auto Shutoff: 0.000770756
53.5613% complete. Max time remaining: 1 hr, 49 mins, 25 secs. Auto Shutoff: 0.000765868
54.5716% complete. Max time remaining: 1 hr, 47 mins, 1 secs. Auto Shutoff: 0.000702674
55.5819% complete. Max time remaining: 1 hr, 44 mins, 37 secs. Auto Shutoff: 0.000790204
56.5922% complete. Max time remaining: 1 hr, 42 mins, 14 secs. Auto Shutoff: 0.000745254
57.6024% complete. Max time remaining: 1 hr, 39 mins, 51 secs. Auto Shutoff: 0.000786777
58.6127% complete. Max time remaining: 1 hr, 37 mins, 28 secs. Auto Shutoff: 0.000947681
59.623% complete. Max time remaining: 1 hr, 35 mins, 5 secs. Auto Shutoff: 0.00066842
60.6333% complete. Max time remaining: 1 hr, 32 mins, 42 secs. Auto Shutoff: 0.00079395
61.6436% complete. Max time remaining: 1 hr, 30 mins, 19 secs. Auto Shutoff: 0.000689289
62.6539% complete. Max time remaining: 1 hr, 27 mins, 56 secs. Auto Shutoff: 0.000692426
63.6642% complete. Max time remaining: 1 hr, 25 mins, 33 secs. Auto Shutoff: 0.000883828
64.6744% complete. Max time remaining: 1 hr, 23 mins, 10 secs. Auto Shutoff: 0.000698967
65.6847% complete. Max time remaining: 1 hr, 20 mins, 47 secs. Auto Shutoff: 0.00075797
66.695% complete. Max time remaining: 1 hr, 18 mins, 25 secs. Auto Shutoff: 0.000684067
67.7053% complete. Max time remaining: 1 hr, 16 mins, 2 secs. Auto Shutoff: 0.000627039
68.7156% complete. Max time remaining: 1 hr, 13 mins, 39 secs. Auto Shutoff: 0.000608982
69.7259% complete. Max time remaining: 1 hr, 11 mins, 16 secs. Auto Shutoff: 0.00058987
70.7362% complete. Max time remaining: 1 hr, 8 mins, 53 secs. Auto Shutoff: 0.00067355
71.7464% complete. Max time remaining: 1 hr, 6 mins, 30 secs. Auto Shutoff: 0.00062133
72.7567% complete. Max time remaining: 1 hr, 4 mins, 7 secs. Auto Shutoff: 0.000688374
73.767% complete. Max time remaining: 1 hr, 1 min, 45 secs. Auto Shutoff: 0.000621639
74.7773% complete. Max time remaining: 59 mins, 22 secs. Auto Shutoff: 0.000567897
75.7876% complete. Max time remaining: 56 mins, 59 secs. Auto Shutoff: 0.000566444
76.7979% complete. Max time remaining: 54 mins, 36 secs. Auto Shutoff: 0.000528838
77.8082% complete. Max time remaining: 52 mins, 14 secs. Auto Shutoff: 0.000759875
78.8185% complete. Max time remaining: 49 mins, 51 secs. Auto Shutoff: 0.000533604
79.8287% complete. Max time remaining: 47 mins, 28 secs. Auto Shutoff: 0.000768201
80.839% complete. Max time remaining: 45 mins, 5 secs. Auto Shutoff: 0.000514292
81.8493% complete. Max time remaining: 42 mins, 42 secs. Auto Shutoff: 0.000503109
82.8596% complete. Max time remaining: 40 mins, 20 secs. Auto Shutoff: 0.000589318
83.8699% complete. Max time remaining: 37 mins, 57 secs. Auto Shutoff: 0.00048992
84.8802% complete. Max time remaining: 35 mins, 34 secs. Auto Shutoff: 0.000519194
85.8905% complete. Max time remaining: 33 mins, 12 secs. Auto Shutoff: 0.000691407
86.9007% complete. Max time remaining: 30 mins, 49 secs. Auto Shutoff: 0.000639729
87.911% complete. Max time remaining: 28 mins, 26 secs. Auto Shutoff: 0.000498059
88.9213% complete. Max time remaining: 26 mins, 4 secs. Auto Shutoff: 0.000558579
89.9316% complete. Max time remaining: 23 mins, 41 secs. Auto Shutoff: 0.00051769
90.9419% complete. Max time remaining: 21 mins, 19 secs. Auto Shutoff: 0.000482801
91.9522% complete. Max time remaining: 18 mins, 56 secs. Auto Shutoff: 0.000660012
92.9625% complete. Max time remaining: 16 mins, 33 secs. Auto Shutoff: 0.000580571
93.9727% complete. Max time remaining: 14 mins, 11 secs. Auto Shutoff: 0.000544415
94.983% complete. Max time remaining: 11 mins, 48 secs. Auto Shutoff: 0.000574069
95.9933% complete. Max time remaining: 9 mins, 26 secs. Auto Shutoff: 0.000484706
97.0036% complete. Max time remaining: 7 mins, 3 secs. Auto Shutoff: 0.000554695
98.0139% complete. Max time remaining: 4 mins, 40 secs. Auto Shutoff: 0.000493247
99.0242% complete. Max time remaining: 2 mins, 18 secs. Auto Shutoff: 0.000619785
Completed 148869 iterations, or 1.000002e-11s of Simulation Time
Process 0 starting to collect data
    collecting monitor data
    collecting source data
Using frequency dependent profile
Finished collecting data
left is a duplicate key.
bottom is a duplicate key.
z1 is a duplicate key.
z2 is a duplicate key.
Nx is a duplicate key.
Ny is a duplicate key.
Nz is a duplicate key.
left is a duplicate key.
bottom is a duplicate key.
z1 is a duplicate key.
z2 is a duplicate key.
Nx is a duplicate key.
Ny is a duplicate key.
Nz is a duplicate key.
Simulation completed successfully at: Mon Aug  5 08:21:36 2024
Overall wall time measurements in seconds: 14142.7
    time to mesh and initialize: 22.687
    time to run FDTD simulation: 14116.3
    time to checkpoint simulation: 2e-07
    time to finalize data and save to files: 0.0899932
    miscellaneous time: 3.62786
    FDTD solver speed on process 0: 5.35943 Mnodes/s
    total FDTD solver speed on 12 processes: 64.3132 Mnodes/s
