Ansys Lumerical 2020 R2 FDTD Solver Version 8.24.2387 (Windows 64bit)
 expires (month/day/year): 12/31/2035
using config file: Ansys Licensing set with ANSYSLMD_LICENSE_FILE
license host: 
current time: Mon Aug  5 08:21:42 2024
Running on host: PcDaPatagonia
host available memory (GB): 14.419026
All processes are communicating and ready to proceed to simulation...
Running fsp file: C:\Program Files\Lumerical\v202\bin\fdtd-engine-msmpi.exe -t 1 -remote -hide C:/Users/andre/Documents/UFCG/Photonics/Projetos/Termometro phoda/temp_sensor_s-parametersweep/s-parametersweep_2.fsp
Starting meshing
Simulation size in gridpoints: 1 x 76 x 21
Refined 0 mesh cells (0%)
Completed meshing!
Meshing complete in 0 seconds of CPU time
Starting meshing
Simulation size in gridpoints: 1 x 76 x 21
Refined 0 mesh cells (0%)
Completed meshing!
Meshing complete in 0 seconds of CPU time
Starting meshing
Simulation size in gridpoints: 1 x 76 x 21
Refined 0 mesh cells (0%)
Completed meshing!
Meshing complete in 0 seconds of CPU time
left is a duplicate key.
bottom is a duplicate key.
z1 is a duplicate key.
z2 is a duplicate key.
Nx is a duplicate key.
Ny is a duplicate key.
Nz is a duplicate key.
Starting meshing
Simulation size in gridpoints: 1 x 76 x 21
Refined 0 mesh cells (0%)
Completed meshing!
Meshing complete in 0 seconds of CPU time
Starting meshing
Simulation size in gridpoints: 1 x 76 x 21
Refined 0 mesh cells (0%)
Completed meshing!
Meshing complete in 0 seconds of CPU time
Starting meshing
Simulation size in gridpoints: 1 x 76 x 21
Refined 0 mesh cells (0%)
Completed meshing!
Meshing complete in 0 seconds of CPU time
Starting meshing
Simulation size in gridpoints: 1 x 76 x 21
Refined 0 mesh cells (0%)
Completed meshing!
Meshing complete in 0 seconds of CPU time
Starting meshing
Simulation size in gridpoints: 1 x 76 x 21
Refined 0 mesh cells (0%)
Completed meshing!
Meshing complete in 0 seconds of CPU time
Starting meshing
Simulation size in gridpoints: 1 x 76 x 21
Refined 0 mesh cells (0%)
Completed meshing!
Meshing complete in 0 seconds of CPU time
left is a duplicate key.
bottom is a duplicate key.
z1 is a duplicate key.
z2 is a duplicate key.
Nx is a duplicate key.
Ny is a duplicate key.
Nz is a duplicate key.
number of processors is 12
processors are distributed as: 4x3x1
Running 3D Simulation
Starting meshing
Simulation size in gridpoints: 110 x 132 x 35
Refined 0 mesh cells (0%)
Completed meshing!
Meshing complete in 0.78125 seconds of CPU time
0 0
Starting meshing
Simulation size in gridpoints: 110 x 132 x 35
Refined 0 mesh cells (0%)
Completed meshing!
Meshing complete in 0.984375 seconds of CPU time
0 0
Starting meshing
Simulation size in gridpoints: 110 x 132 x 35
Refined 0 mesh cells (0%)
Completed meshing!
Meshing complete in 0.796875 seconds of CPU time
0 0
finished material properties
Meshing Time: 2.27914 seconds, Init Electrical Material Time: 0.160441 seconds, Init Magnetic Material Time: 0.001641
Using selected optimization level: 2
Selecting 3d kernel for splitFieldDirection=0 and optLevel=2
-----------------------------------------
Beginning initialization of 3D Simulation
Starting to add sources to simulation
Adding 3D Mode source propagating in X
Using frequency dependent profile
Starting to add boundary conditions to simulation
Adding 3D PML BC
Adding 3D Parallel BC
Adding 3D PML BC
Adding 3D Parallel BC
Adding 3D PML BC
Adding 3D PML BC
Starting to add monitors to Simulation
Adding analysis monitor
Adding 3D DFT monitor
Adding 3D DFT monitor
Finished initialization of 3D Simulation
-----------------------------------------
All processes are communicating and ready to proceed to simulation...
Starting 148869 total iterations
0.0214955% complete. Max time remaining: 3 hrs, 42 mins, 37 secs. Auto Shutoff: 1
1.03178% complete. Max time remaining: 3 hrs, 41 mins, 18 secs. Auto Shutoff: 1.00664
2.04207% complete. Max time remaining: 3 hrs, 38 mins, 5 secs. Auto Shutoff: 0.353614
3.05235% complete. Max time remaining: 3 hrs, 35 mins, 36 secs. Auto Shutoff: 0.0813904
4.06264% complete. Max time remaining: 3 hrs, 33 mins, 14 secs. Auto Shutoff: 0.0373075
5.07293% complete. Max time remaining: 3 hrs, 30 mins, 53 secs. Auto Shutoff: 0.0234269
6.08321% complete. Max time remaining: 3 hrs, 28 mins, 31 secs. Auto Shutoff: 0.0156433
7.0935% complete. Max time remaining: 3 hrs, 26 mins, 12 secs. Auto Shutoff: 0.0116043
8.10379% complete. Max time remaining: 3 hrs, 23 mins, 53 secs. Auto Shutoff: 0.00821804
9.11407% complete. Max time remaining: 3 hrs, 21 mins, 41 secs. Auto Shutoff: 0.00704363
10.1244% complete. Max time remaining: 3 hrs, 19 mins, 29 secs. Auto Shutoff: 0.00559485
11.1346% complete. Max time remaining: 3 hrs, 17 mins, 19 secs. Auto Shutoff: 0.00503805
12.1449% complete. Max time remaining: 3 hrs, 15 mins, 5 secs. Auto Shutoff: 0.00505333
13.1552% complete. Max time remaining: 3 hrs, 12 mins, 49 secs. Auto Shutoff: 0.00385713
14.1655% complete. Max time remaining: 3 hrs, 10 mins, 36 secs. Auto Shutoff: 0.00358042
15.1758% complete. Max time remaining: 3 hrs, 8 mins, 20 secs. Auto Shutoff: 0.00311003
16.1861% complete. Max time remaining: 3 hrs, 6 mins, 11 secs. Auto Shutoff: 0.00326372
17.1964% complete. Max time remaining: 3 hrs, 3 mins, 55 secs. Auto Shutoff: 0.00259759
18.2066% complete. Max time remaining: 3 hrs, 1 min, 42 secs. Auto Shutoff: 0.00249017
19.2169% complete. Max time remaining: 2 hrs, 59 mins, 41 secs. Auto Shutoff: 0.00287273
20.2272% complete. Max time remaining: 2 hrs, 57 mins, 25 secs. Auto Shutoff: 0.00220564
21.2375% complete. Max time remaining: 2 hrs, 55 mins, 8 secs. Auto Shutoff: 0.00254404
22.2478% complete. Max time remaining: 2 hrs, 52 mins, 52 secs. Auto Shutoff: 0.00206308
23.2581% complete. Max time remaining: 2 hrs, 50 mins, 36 secs. Auto Shutoff: 0.00170687
24.2684% complete. Max time remaining: 2 hrs, 48 mins, 22 secs. Auto Shutoff: 0.0018377
25.2787% complete. Max time remaining: 2 hrs, 46 mins, 6 secs. Auto Shutoff: 0.00159565
26.2889% complete. Max time remaining: 2 hrs, 43 mins, 51 secs. Auto Shutoff: 0.00143782
27.2992% complete. Max time remaining: 2 hrs, 41 mins, 35 secs. Auto Shutoff: 0.00144307
28.3095% complete. Max time remaining: 2 hrs, 39 mins, 19 secs. Auto Shutoff: 0.00181152
29.3198% complete. Max time remaining: 2 hrs, 37 mins, 4 secs. Auto Shutoff: 0.00137406
30.3301% complete. Max time remaining: 2 hrs, 34 mins, 50 secs. Auto Shutoff: 0.00157549
31.3404% complete. Max time remaining: 2 hrs, 32 mins, 34 secs. Auto Shutoff: 0.00158295
32.3507% complete. Max time remaining: 2 hrs, 30 mins, 20 secs. Auto Shutoff: 0.00128035
33.3609% complete. Max time remaining: 2 hrs, 28 mins, 5 secs. Auto Shutoff: 0.00152059
34.3712% complete. Max time remaining: 2 hrs, 25 mins, 50 secs. Auto Shutoff: 0.00118476
35.3815% complete. Max time remaining: 2 hrs, 23 mins, 35 secs. Auto Shutoff: 0.00124383
36.3918% complete. Max time remaining: 2 hrs, 21 mins, 21 secs. Auto Shutoff: 0.00106326
37.4021% complete. Max time remaining: 2 hrs, 19 mins, 6 secs. Auto Shutoff: 0.00118177
38.4124% complete. Max time remaining: 2 hrs, 16 mins, 52 secs. Auto Shutoff: 0.00112002
39.4227% complete. Max time remaining: 2 hrs, 14 mins, 37 secs. Auto Shutoff: 0.00119277
40.4329% complete. Max time remaining: 2 hrs, 12 mins, 22 secs. Auto Shutoff: 0.0011528
41.4432% complete. Max time remaining: 2 hrs, 10 mins, 7 secs. Auto Shutoff: 0.000983926
42.4535% complete. Max time remaining: 2 hrs, 7 mins, 53 secs. Auto Shutoff: 0.000957182
43.4638% complete. Max time remaining: 2 hrs, 5 mins, 39 secs. Auto Shutoff: 0.00087072
44.4741% complete. Max time remaining: 2 hrs, 3 mins, 24 secs. Auto Shutoff: 0.000990396
45.4844% complete. Max time remaining: 2 hrs, 1 min, 14 secs. Auto Shutoff: 0.000915095
46.4947% complete. Max time remaining: 1 hr, 58 mins, 59 secs. Auto Shutoff: 0.000942222
47.505% complete. Max time remaining: 1 hr, 56 mins, 44 secs. Auto Shutoff: 0.00109183
48.5152% complete. Max time remaining: 1 hr, 54 mins, 29 secs. Auto Shutoff: 0.000917965
49.5255% complete. Max time remaining: 1 hr, 52 mins, 14 secs. Auto Shutoff: 0.000816506
50.5358% complete. Max time remaining: 1 hr, 49 mins, 59 secs. Auto Shutoff: 0.00113336
51.5461% complete. Max time remaining: 1 hr, 47 mins, 44 secs. Auto Shutoff: 0.000779795
52.5564% complete. Max time remaining: 1 hr, 45 mins, 29 secs. Auto Shutoff: 0.000991309
53.5667% complete. Max time remaining: 1 hr, 43 mins, 14 secs. Auto Shutoff: 0.000722156
54.577% complete. Max time remaining: 1 hr, 41 mins, 1 secs. Auto Shutoff: 0.000884091
55.5872% complete. Max time remaining: 1 hr, 38 mins, 46 secs. Auto Shutoff: 0.000786125
56.5975% complete. Max time remaining: 1 hr, 36 mins, 31 secs. Auto Shutoff: 0.000835328
57.6078% complete. Max time remaining: 1 hr, 34 mins, 16 secs. Auto Shutoff: 0.000710767
58.6181% complete. Max time remaining: 1 hr, 32 mins, 1 secs. Auto Shutoff: 0.000787971
59.6284% complete. Max time remaining: 1 hr, 29 mins, 47 secs. Auto Shutoff: 0.000776778
60.6387% complete. Max time remaining: 1 hr, 27 mins, 32 secs. Auto Shutoff: 0.000664869
61.649% complete. Max time remaining: 1 hr, 25 mins, 17 secs. Auto Shutoff: 0.00063267
62.6592% complete. Max time remaining: 1 hr, 23 mins, 2 secs. Auto Shutoff: 0.00061518
63.6695% complete. Max time remaining: 1 hr, 20 mins, 47 secs. Auto Shutoff: 0.000861246
64.6798% complete. Max time remaining: 1 hr, 18 mins, 33 secs. Auto Shutoff: 0.000790941
65.6901% complete. Max time remaining: 1 hr, 16 mins, 18 secs. Auto Shutoff: 0.000645308
66.7004% complete. Max time remaining: 1 hr, 14 mins, 3 secs. Auto Shutoff: 0.000631705
67.7107% complete. Max time remaining: 1 hr, 11 mins, 49 secs. Auto Shutoff: 0.000632352
68.721% complete. Max time remaining: 1 hr, 9 mins, 34 secs. Auto Shutoff: 0.000670889
69.7313% complete. Max time remaining: 1 hr, 7 mins, 20 secs. Auto Shutoff: 0.000557708
70.7415% complete. Max time remaining: 1 hr, 5 mins, 5 secs. Auto Shutoff: 0.00057305
71.7518% complete. Max time remaining: 1 hr, 2 mins, 50 secs. Auto Shutoff: 0.000655784
72.7621% complete. Max time remaining: 1 hr, 36 secs. Auto Shutoff: 0.000595687
73.7724% complete. Max time remaining: 58 mins, 21 secs. Auto Shutoff: 0.00064015
74.7827% complete. Max time remaining: 56 mins, 6 secs. Auto Shutoff: 0.000597656
75.793% complete. Max time remaining: 53 mins, 51 secs. Auto Shutoff: 0.000619947
76.8033% complete. Max time remaining: 51 mins, 36 secs. Auto Shutoff: 0.000577439
77.8135% complete. Max time remaining: 49 mins, 22 secs. Auto Shutoff: 0.000593838
78.8238% complete. Max time remaining: 47 mins, 7 secs. Auto Shutoff: 0.000648582
79.8341% complete. Max time remaining: 44 mins, 52 secs. Auto Shutoff: 0.000565356
80.8444% complete. Max time remaining: 42 mins, 37 secs. Auto Shutoff: 0.000634157
81.8547% complete. Max time remaining: 40 mins, 23 secs. Auto Shutoff: 0.000578653
82.865% complete. Max time remaining: 38 mins, 8 secs. Auto Shutoff: 0.000492205
83.8753% complete. Max time remaining: 35 mins, 53 secs. Auto Shutoff: 0.000703938
84.8855% complete. Max time remaining: 33 mins, 38 secs. Auto Shutoff: 0.000646987
85.8958% complete. Max time remaining: 31 mins, 23 secs. Auto Shutoff: 0.000700225
86.9061% complete. Max time remaining: 29 mins, 8 secs. Auto Shutoff: 0.000493546
87.9164% complete. Max time remaining: 26 mins, 53 secs. Auto Shutoff: 0.000540407
88.9267% complete. Max time remaining: 24 mins, 38 secs. Auto Shutoff: 0.000514225
89.937% complete. Max time remaining: 22 mins, 24 secs. Auto Shutoff: 0.00068837
90.9473% complete. Max time remaining: 20 mins, 9 secs. Auto Shutoff: 0.000636426
91.9575% complete. Max time remaining: 17 mins, 54 secs. Auto Shutoff: 0.000599481
92.9678% complete. Max time remaining: 15 mins, 39 secs. Auto Shutoff: 0.000541576
93.9781% complete. Max time remaining: 13 mins, 24 secs. Auto Shutoff: 0.000423468
94.9884% complete. Max time remaining: 11 mins, 9 secs. Auto Shutoff: 0.000556009
95.9987% complete. Max time remaining: 8 mins, 54 secs. Auto Shutoff: 0.000456829
97.009% complete. Max time remaining: 6 mins, 39 secs. Auto Shutoff: 0.000548987
98.0193% complete. Max time remaining: 4 mins, 24 secs. Auto Shutoff: 0.000527129
99.0296% complete. Max time remaining: 2 mins, 10 secs. Auto Shutoff: 0.000519566
Completed 148869 iterations, or 1.000002e-11s of Simulation Time
Process 0 starting to collect data
    collecting monitor data
    collecting source data
Using frequency dependent profile
Finished collecting data
left is a duplicate key.
bottom is a duplicate key.
z1 is a duplicate key.
z2 is a duplicate key.
Nx is a duplicate key.
Ny is a duplicate key.
Nz is a duplicate key.
left is a duplicate key.
bottom is a duplicate key.
z1 is a duplicate key.
z2 is a duplicate key.
Nx is a duplicate key.
Ny is a duplicate key.
Nz is a duplicate key.
Simulation completed successfully at: Mon Aug  5 12:04:42 2024
Overall wall time measurements in seconds: 13382
    time to mesh and initialize: 22.1126
    time to run FDTD simulation: 13356.3
    time to checkpoint simulation: 6e-07
    time to finalize data and save to files: 0.08966
    miscellaneous time: 3.52452
    FDTD solver speed on process 0: 5.6644 Mnodes/s
    total FDTD solver speed on 12 processes: 67.9728 Mnodes/s
