Ansys Lumerical 2020 R2 FDTD Solver Version 8.24.2387 (Windows 64bit)
 expires (month/day/year): 12/31/2035
using config file: Ansys Licensing set with ANSYSLMD_LICENSE_FILE
license host: 
current time: Thu Aug 15 01:03:26 2024
Running on host: PcDaPatagonia
host available memory (GB): 13.633212
All processes are communicating and ready to proceed to simulation...
Running fsp file: C:\Program Files\Lumerical\v202\bin\fdtd-engine-msmpi.exe -t 1 -remote -hide C:/Users/andre/Documents/UFCG/Photonics/Arquivos/Photonic-temperature-sensor/temp_sensor_sweep/sweep_2.fsp
Starting meshing
Simulation size in gridpoints: 1 x 82 x 28
Refined 0 mesh cells (0%)
Completed meshing!
Meshing complete in 0 seconds of CPU time
Starting meshing
Simulation size in gridpoints: 1 x 82 x 28
Refined 0 mesh cells (0%)
Completed meshing!
Meshing complete in 0 seconds of CPU time
Starting meshing
Simulation size in gridpoints: 1 x 82 x 28
Refined 0 mesh cells (0%)
Completed meshing!
Meshing complete in 0 seconds of CPU time
Starting meshing
Simulation size in gridpoints: 1 x 82 x 28
Refined 0 mesh cells (0%)
Completed meshing!
Meshing complete in 0 seconds of CPU time
Starting meshing
Simulation size in gridpoints: 1 x 82 x 28
Refined 0 mesh cells (0%)
Completed meshing!
Meshing complete in 0 seconds of CPU time
Starting meshing
Simulation size in gridpoints: 1 x 82 x 28
Refined 0 mesh cells (0%)
Completed meshing!
Meshing complete in 0 seconds of CPU time
left is a duplicate key.
bottom is a duplicate key.
z1 is a duplicate key.
z2 is a duplicate key.
Nx is a duplicate key.
Ny is a duplicate key.
Nz is a duplicate key.
Starting meshing
Simulation size in gridpoints: 1 x 82 x 28
Refined 0 mesh cells (0%)
Completed meshing!
Meshing complete in 0 seconds of CPU time
Starting meshing
Simulation size in gridpoints: 1 x 82 x 28
Refined 0 mesh cells (0%)
Completed meshing!
Meshing complete in 0 seconds of CPU time
Starting meshing
Simulation size in gridpoints: 1 x 82 x 28
Refined 0 mesh cells (0%)
Completed meshing!
Meshing complete in 0 seconds of CPU time
left is a duplicate key.
bottom is a duplicate key.
z1 is a duplicate key.
z2 is a duplicate key.
Nx is a duplicate key.
Ny is a duplicate key.
Nz is a duplicate key.
number of processors is 12
processors are distributed as: 4x3x1
Running 3D Simulation
Starting meshing
Simulation size in gridpoints: 164 x 133 x 44
Refined 0 mesh cells (0%)
Completed meshing!
Meshing complete in 1.39062 seconds of CPU time
0 0
Starting meshing
Simulation size in gridpoints: 164 x 133 x 44
Refined 0 mesh cells (0%)
Completed meshing!
Meshing complete in 1.54688 seconds of CPU time
0 0
Starting meshing
Simulation size in gridpoints: 164 x 133 x 44
Refined 0 mesh cells (0%)
Completed meshing!
Meshing complete in 1.45312 seconds of CPU time
0 0
finished material properties
Meshing Time: 2.95407 seconds, Init Electrical Material Time: 0.0933623 seconds, Init Magnetic Material Time: 0.0034597
Using selected optimization level: 2
Selecting 3d kernel for splitFieldDirection=0 and optLevel=2
-----------------------------------------
Beginning initialization of 3D Simulation
Starting to add sources to simulation
Adding 3D Mode source propagating in X
Using frequency dependent profile
Starting to add boundary conditions to simulation
Adding 3D PML BC
Adding 3D Parallel BC
Adding 3D PML BC
Adding 3D Parallel BC
Adding 3D PML BC
Adding 3D PML BC
Starting to add monitors to Simulation
Adding analysis monitor
Adding 3D DFT monitor
Adding 3D DFT monitor
Finished initialization of 3D Simulation
-----------------------------------------
All processes are communicating and ready to proceed to simulation...
Starting 50265 total iterations
0.0636628% complete. Max time remaining: 1 hr, 38 mins, 40 secs. Auto Shutoff: 1
1.08227% complete. Max time remaining: 1 hr, 36 mins, 54 secs. Auto Shutoff: 1
2.10087% complete. Max time remaining: 1 hr, 35 mins, 55 secs. Auto Shutoff: 1
3.11948% complete. Max time remaining: 1 hr, 34 mins, 54 secs. Auto Shutoff: 0.995237
4.13808% complete. Max time remaining: 1 hr, 34 mins, 2 secs. Auto Shutoff: 0.994734
5.15669% complete. Max time remaining: 1 hr, 33 mins, 2 secs. Auto Shutoff: 0.994388
6.17529% complete. Max time remaining: 1 hr, 31 mins, 57 secs. Auto Shutoff: 0.996183
7.1939% complete. Max time remaining: 1 hr, 30 mins, 55 secs. Auto Shutoff: 1.00799
8.2125% complete. Max time remaining: 1 hr, 29 mins, 53 secs. Auto Shutoff: 0.996135
9.23111% complete. Max time remaining: 1 hr, 28 mins, 52 secs. Auto Shutoff: 0.479361
10.2497% complete. Max time remaining: 1 hr, 27 mins, 52 secs. Auto Shutoff: 0.0555174
11.2683% complete. Max time remaining: 1 hr, 26 mins, 52 secs. Auto Shutoff: 0.0530838
12.2869% complete. Max time remaining: 1 hr, 25 mins, 50 secs. Auto Shutoff: 0.0543058
13.3055% complete. Max time remaining: 1 hr, 24 mins, 51 secs. Auto Shutoff: 0.052245
14.3241% complete. Max time remaining: 1 hr, 23 mins, 50 secs. Auto Shutoff: 0.0554447
15.3427% complete. Max time remaining: 1 hr, 22 mins, 50 secs. Auto Shutoff: 0.0526539
16.3613% complete. Max time remaining: 1 hr, 21 mins, 50 secs. Auto Shutoff: 0.0533324
17.38% complete. Max time remaining: 1 hr, 20 mins, 50 secs. Auto Shutoff: 0.0533387
18.3986% complete. Max time remaining: 1 hr, 19 mins, 50 secs. Auto Shutoff: 0.0525359
19.4172% complete. Max time remaining: 1 hr, 18 mins, 53 secs. Auto Shutoff: 0.0534851
20.4358% complete. Max time remaining: 1 hr, 17 mins, 53 secs. Auto Shutoff: 0.0490864
21.4385% complete. Max time remaining: 1 hr, 16 mins, 56 secs. Auto Shutoff: 0.0445612
22.4571% complete. Max time remaining: 1 hr, 15 mins, 56 secs. Auto Shutoff: 0.0449965
23.4598% complete. Max time remaining: 1 hr, 14 mins, 59 secs. Auto Shutoff: 0.0446029
24.4784% complete. Max time remaining: 1 hr, 13 mins, 59 secs. Auto Shutoff: 0.0449016
25.497% complete. Max time remaining: 1 hr, 12 mins, 59 secs. Auto Shutoff: 0.0452295
26.5156% complete. Max time remaining: 1 hr, 11 mins, 59 secs. Auto Shutoff: 0.0447019
27.5342% complete. Max time remaining: 1 hr, 10 mins, 59 secs. Auto Shutoff: 0.0475468
28.5528% complete. Max time remaining: 1 hr, 9 mins, 58 secs. Auto Shutoff: 0.0449237
29.5714% complete. Max time remaining: 1 hr, 8 mins, 58 secs. Auto Shutoff: 0.045353
30.59% complete. Max time remaining: 1 hr, 7 mins, 58 secs. Auto Shutoff: 0.0445634
31.6086% complete. Max time remaining: 1 hr, 6 mins, 58 secs. Auto Shutoff: 0.0443035
32.6272% complete. Max time remaining: 1 hr, 5 mins, 58 secs. Auto Shutoff: 0.0396415
33.6458% complete. Max time remaining: 1 hr, 4 mins, 59 secs. Auto Shutoff: 0.0399228
34.6644% complete. Max time remaining: 1 hr, 3 mins, 59 secs. Auto Shutoff: 0.0387455
35.683% complete. Max time remaining: 1 hr, 2 mins, 59 secs. Auto Shutoff: 0.0397156
36.7016% complete. Max time remaining: 1 hr, 1 min, 59 secs. Auto Shutoff: 0.0390818
37.7202% complete. Max time remaining: 1 hr, 59 secs. Auto Shutoff: 0.0397921
38.7388% complete. Max time remaining: 59 mins, 59 secs. Auto Shutoff: 0.04187
39.7574% complete. Max time remaining: 58 mins, 59 secs. Auto Shutoff: 0.038221
40.776% complete. Max time remaining: 57 mins, 60 secs. Auto Shutoff: 0.0407288
41.7946% complete. Max time remaining: 56 mins, 60 secs. Auto Shutoff: 0.0382548
42.8133% complete. Max time remaining: 55 mins, 60 secs. Auto Shutoff: 0.0392363
43.8319% complete. Max time remaining: 54 mins, 60 secs. Auto Shutoff: 0.035583
44.8505% complete. Max time remaining: 53 mins, 60 secs. Auto Shutoff: 0.035099
45.8691% complete. Max time remaining: 52 mins, 60 secs. Auto Shutoff: 0.0337833
46.8877% complete. Max time remaining: 51 mins, 60 secs. Auto Shutoff: 0.0354803
47.9063% complete. Max time remaining: 51 mins, 0 secs. Auto Shutoff: 0.0335825
48.9249% complete. Max time remaining: 50 mins, 0 secs. Auto Shutoff: 0.0353756
49.9435% complete. Max time remaining: 49 mins, 0 secs. Auto Shutoff: 0.0350441
50.9621% complete. Max time remaining: 48 mins, 1 secs. Auto Shutoff: 0.0334189
51.9807% complete. Max time remaining: 47 mins, 1 secs. Auto Shutoff: 0.0363183
52.9993% complete. Max time remaining: 46 mins, 1 secs. Auto Shutoff: 0.0332486
54.0179% complete. Max time remaining: 45 mins, 1 secs. Auto Shutoff: 0.0354511
55.0365% complete. Max time remaining: 44 mins, 1 secs. Auto Shutoff: 0.0319939
56.0551% complete. Max time remaining: 43 mins, 1 secs. Auto Shutoff: 0.0313931
57.0737% complete. Max time remaining: 42 mins, 1 secs. Auto Shutoff: 0.0311227
58.0923% complete. Max time remaining: 41 mins, 2 secs. Auto Shutoff: 0.0311817
59.1109% complete. Max time remaining: 40 mins, 2 secs. Auto Shutoff: 0.0302464
60.1295% complete. Max time remaining: 39 mins, 2 secs. Auto Shutoff: 0.0320423
61.1481% complete. Max time remaining: 38 mins, 2 secs. Auto Shutoff: 0.0306196
62.1668% complete. Max time remaining: 37 mins, 2 secs. Auto Shutoff: 0.0314551
63.1854% complete. Max time remaining: 36 mins, 2 secs. Auto Shutoff: 0.0329218
64.204% complete. Max time remaining: 35 mins, 2 secs. Auto Shutoff: 0.0302475
65.2226% complete. Max time remaining: 34 mins, 3 secs. Auto Shutoff: 0.0322784
66.2412% complete. Max time remaining: 33 mins, 3 secs. Auto Shutoff: 0.0297171
67.2598% complete. Max time remaining: 32 mins, 3 secs. Auto Shutoff: 0.0280834
68.2784% complete. Max time remaining: 31 mins, 3 secs. Auto Shutoff: 0.0295432
69.297% complete. Max time remaining: 30 mins, 4 secs. Auto Shutoff: 0.0282923
70.3156% complete. Max time remaining: 29 mins, 4 secs. Auto Shutoff: 0.0289969
71.3342% complete. Max time remaining: 28 mins, 4 secs. Auto Shutoff: 0.0288572
72.3528% complete. Max time remaining: 27 mins, 4 secs. Auto Shutoff: 0.0285596
73.3714% complete. Max time remaining: 26 mins, 4 secs. Auto Shutoff: 0.031048
74.39% complete. Max time remaining: 25 mins, 4 secs. Auto Shutoff: 0.0293349
75.4086% complete. Max time remaining: 24 mins, 4 secs. Auto Shutoff: 0.0296649
76.4272% complete. Max time remaining: 23 mins, 5 secs. Auto Shutoff: 0.0290861
77.4458% complete. Max time remaining: 22 mins, 5 secs. Auto Shutoff: 0.0287905
78.4644% complete. Max time remaining: 21 mins, 5 secs. Auto Shutoff: 0.0267085
79.483% complete. Max time remaining: 20 mins, 5 secs. Auto Shutoff: 0.0266025
80.5016% complete. Max time remaining: 19 mins, 5 secs. Auto Shutoff: 0.025802
81.5203% complete. Max time remaining: 18 mins, 6 secs. Auto Shutoff: 0.0267813
82.5389% complete. Max time remaining: 17 mins, 6 secs. Auto Shutoff: 0.0254618
83.5575% complete. Max time remaining: 16 mins, 6 secs. Auto Shutoff: 0.0264112
84.5602% complete. Max time remaining: 15 mins, 7 secs. Auto Shutoff: 0.0284044
85.5788% complete. Max time remaining: 14 mins, 7 secs. Auto Shutoff: 0.0252767
86.5974% complete. Max time remaining: 13 mins, 8 secs. Auto Shutoff: 0.0276264
87.616% complete. Max time remaining: 12 mins, 8 secs. Auto Shutoff: 0.0255864
88.6346% complete. Max time remaining: 11 mins, 8 secs. Auto Shutoff: 0.0260199
89.6532% complete. Max time remaining: 10 mins, 8 secs. Auto Shutoff: 0.0245495
90.6718% complete. Max time remaining: 9 mins, 8 secs. Auto Shutoff: 0.0243201
91.6904% complete. Max time remaining: 8 mins, 8 secs. Auto Shutoff: 0.0242884
92.709% complete. Max time remaining: 7 mins, 8 secs. Auto Shutoff: 0.0240161
93.7276% complete. Max time remaining: 6 mins, 9 secs. Auto Shutoff: 0.0233952
94.7303% complete. Max time remaining: 5 mins, 10 secs. Auto Shutoff: 0.0238579
95.7489% complete. Max time remaining: 4 mins, 10 secs. Auto Shutoff: 0.0245413
96.7675% complete. Max time remaining: 3 mins, 10 secs. Auto Shutoff: 0.023661
97.7861% complete. Max time remaining: 2 mins, 10 secs. Auto Shutoff: 0.0250678
98.8047% complete. Max time remaining: 1 min, 10 secs. Auto Shutoff: 0.0233357
99.8233% complete. Max time remaining: 10 secs. Auto Shutoff: 0.0244538
Completed 50265 iterations, or 3.000011e-12s of Simulation Time
Process 0 starting to collect data
    collecting monitor data
    collecting source data
Using frequency dependent profile
Finished collecting data
left is a duplicate key.
bottom is a duplicate key.
z1 is a duplicate key.
z2 is a duplicate key.
Nx is a duplicate key.
Ny is a duplicate key.
Nz is a duplicate key.
left is a duplicate key.
bottom is a duplicate key.
z1 is a duplicate key.
z2 is a duplicate key.
Nx is a duplicate key.
Ny is a duplicate key.
Nz is a duplicate key.
Simulation completed successfully at: Thu Aug 15 02:41:56 2024
Overall wall time measurements in seconds: 5912.25
    time to mesh and initialize: 30.1982
    time to run FDTD simulation: 5878.12
    time to checkpoint simulation: 3e-07
    time to finalize data and save to files: 0.218272
    miscellaneous time: 3.71622
    FDTD solver speed on process 0: 8.20684 Mnodes/s
    total FDTD solver speed on 12 processes: 98.482 Mnodes/s
