Ansys Lumerical 2020 R2 FDTD Solver Version 8.24.2387 (Windows 64bit)
 expires (month/day/year): 12/31/2035
using config file: Ansys Licensing set with ANSYSLMD_LICENSE_FILE
license host: 
current time: Wed Aug 14 23:16:07 2024
Running on host: PcDaPatagonia
host available memory (GB): 13.581136
All processes are communicating and ready to proceed to simulation...
Running fsp file: C:\Program Files\Lumerical\v202\bin\fdtd-engine-msmpi.exe -t 1 -remote -hide C:/Users/andre/Documents/UFCG/Photonics/Arquivos/Photonic-temperature-sensor/temp_sensor_sweep/sweep_1.fsp
Starting meshing
Simulation size in gridpoints: 1 x 82 x 28
Refined 0 mesh cells (0%)
Completed meshing!
Meshing complete in 0 seconds of CPU time
Starting meshing
Simulation size in gridpoints: 1 x 82 x 28
Refined 0 mesh cells (0%)
Completed meshing!
Meshing complete in 0.015625 seconds of CPU time
Starting meshing
Simulation size in gridpoints: 1 x 82 x 28
Refined 0 mesh cells (0%)
Completed meshing!
Meshing complete in 0 seconds of CPU time
Starting meshing
Simulation size in gridpoints: 1 x 82 x 28
Refined 0 mesh cells (0%)
Completed meshing!
Meshing complete in 0.015625 seconds of CPU time
Starting meshing
Simulation size in gridpoints: 1 x 82 x 28
Refined 0 mesh cells (0%)
Completed meshing!
Meshing complete in 0 seconds of CPU time
Starting meshing
Simulation size in gridpoints: 1 x 82 x 28
Refined 0 mesh cells (0%)
Completed meshing!
Meshing complete in 0 seconds of CPU time
left is a duplicate key.
bottom is a duplicate key.
z1 is a duplicate key.
z2 is a duplicate key.
Nx is a duplicate key.
Ny is a duplicate key.
Nz is a duplicate key.
Starting meshing
Simulation size in gridpoints: 1 x 82 x 28
Refined 0 mesh cells (0%)
Completed meshing!
Meshing complete in 0 seconds of CPU time
Starting meshing
Simulation size in gridpoints: 1 x 82 x 28
Refined 0 mesh cells (0%)
Completed meshing!
Meshing complete in 0 seconds of CPU time
Starting meshing
Simulation size in gridpoints: 1 x 82 x 28
Refined 0 mesh cells (0%)
Completed meshing!
Meshing complete in 0.015625 seconds of CPU time
left is a duplicate key.
bottom is a duplicate key.
z1 is a duplicate key.
z2 is a duplicate key.
Nx is a duplicate key.
Ny is a duplicate key.
Nz is a duplicate key.
number of processors is 12
processors are distributed as: 4x3x1
Running 3D Simulation
Starting meshing
Simulation size in gridpoints: 164 x 133 x 44
Refined 0 mesh cells (0%)
Completed meshing!
Meshing complete in 1.60938 seconds of CPU time
0 0
Starting meshing
Simulation size in gridpoints: 164 x 133 x 44
Refined 0 mesh cells (0%)
Completed meshing!
Meshing complete in 1.4375 seconds of CPU time
0 0
Starting meshing
Simulation size in gridpoints: 164 x 133 x 44
Refined 0 mesh cells (0%)
Completed meshing!
Meshing complete in 1.51562 seconds of CPU time
0 0
finished material properties
Meshing Time: 3.42008 seconds, Init Electrical Material Time: 0.0947507 seconds, Init Magnetic Material Time: 0.003557
Using selected optimization level: 2
Selecting 3d kernel for splitFieldDirection=0 and optLevel=2
-----------------------------------------
Beginning initialization of 3D Simulation
Starting to add sources to simulation
Adding 3D Mode source propagating in X
Using frequency dependent profile
Starting to add boundary conditions to simulation
Adding 3D PML BC
Adding 3D Parallel BC
Adding 3D PML BC
Adding 3D Parallel BC
Adding 3D PML BC
Adding 3D PML BC
Starting to add monitors to Simulation
Adding analysis monitor
Adding 3D DFT monitor
Adding 3D DFT monitor
Finished initialization of 3D Simulation
-----------------------------------------
All processes are communicating and ready to proceed to simulation...
Starting 50265 total iterations
0.0477471% complete. Max time remaining: 1 hr, 53 mins, 9 secs. Auto Shutoff: 1
1.05044% complete. Max time remaining: 1 hr, 47 mins, 24 secs. Auto Shutoff: 1
2.05313% complete. Max time remaining: 1 hr, 45 mins, 24 secs. Auto Shutoff: 1
3.05582% complete. Max time remaining: 1 hr, 43 mins, 57 secs. Auto Shutoff: 0.99549
4.05851% complete. Max time remaining: 1 hr, 42 mins, 49 secs. Auto Shutoff: 0.994573
5.06119% complete. Max time remaining: 1 hr, 41 mins, 40 secs. Auto Shutoff: 1.0104
6.0798% complete. Max time remaining: 1 hr, 40 mins, 36 secs. Auto Shutoff: 0.995948
7.08249% complete. Max time remaining: 1 hr, 39 mins, 35 secs. Auto Shutoff: 1.05829
8.08518% complete. Max time remaining: 1 hr, 38 mins, 25 secs. Auto Shutoff: 0.995167
9.08787% complete. Max time remaining: 1 hr, 37 mins, 18 secs. Auto Shutoff: 0.878346
10.0906% complete. Max time remaining: 1 hr, 36 mins, 17 secs. Auto Shutoff: 0.12776
11.0932% complete. Max time remaining: 1 hr, 35 mins, 9 secs. Auto Shutoff: 0.128352
12.0959% complete. Max time remaining: 1 hr, 34 mins, 2 secs. Auto Shutoff: 0.130008
13.0986% complete. Max time remaining: 1 hr, 32 mins, 56 secs. Auto Shutoff: 0.127751
14.1013% complete. Max time remaining: 1 hr, 31 mins, 50 secs. Auto Shutoff: 0.129699
15.104% complete. Max time remaining: 1 hr, 30 mins, 44 secs. Auto Shutoff: 0.12834
16.1067% complete. Max time remaining: 1 hr, 29 mins, 38 secs. Auto Shutoff: 0.130886
17.1094% complete. Max time remaining: 1 hr, 28 mins, 33 secs. Auto Shutoff: 0.128692
18.1121% complete. Max time remaining: 1 hr, 27 mins, 29 secs. Auto Shutoff: 0.130142
19.1148% complete. Max time remaining: 1 hr, 26 mins, 26 secs. Auto Shutoff: 0.12595
20.1175% complete. Max time remaining: 1 hr, 25 mins, 22 secs. Auto Shutoff: 0.125609
21.1201% complete. Max time remaining: 1 hr, 24 mins, 17 secs. Auto Shutoff: 0.0975608
22.1228% complete. Max time remaining: 1 hr, 23 mins, 12 secs. Auto Shutoff: 0.0978024
23.1255% complete. Max time remaining: 1 hr, 22 mins, 7 secs. Auto Shutoff: 0.0981471
24.1282% complete. Max time remaining: 1 hr, 21 mins, 2 secs. Auto Shutoff: 0.100212
25.1309% complete. Max time remaining: 1 hr, 19 mins, 57 secs. Auto Shutoff: 0.0964139
26.1336% complete. Max time remaining: 1 hr, 18 mins, 52 secs. Auto Shutoff: 0.10019
27.1363% complete. Max time remaining: 1 hr, 17 mins, 47 secs. Auto Shutoff: 0.0973057
28.139% complete. Max time remaining: 1 hr, 16 mins, 42 secs. Auto Shutoff: 0.0968555
29.1417% complete. Max time remaining: 1 hr, 15 mins, 37 secs. Auto Shutoff: 0.100084
30.1443% complete. Max time remaining: 1 hr, 14 mins, 33 secs. Auto Shutoff: 0.0980733
31.147% complete. Max time remaining: 1 hr, 13 mins, 28 secs. Auto Shutoff: 0.0993396
32.1497% complete. Max time remaining: 1 hr, 12 mins, 24 secs. Auto Shutoff: 0.0854422
33.1524% complete. Max time remaining: 1 hr, 11 mins, 20 secs. Auto Shutoff: 0.0790286
34.1551% complete. Max time remaining: 1 hr, 10 mins, 16 secs. Auto Shutoff: 0.0766614
35.1578% complete. Max time remaining: 1 hr, 9 mins, 11 secs. Auto Shutoff: 0.080529
36.1605% complete. Max time remaining: 1 hr, 8 mins, 7 secs. Auto Shutoff: 0.0763309
37.1632% complete. Max time remaining: 1 hr, 7 mins, 2 secs. Auto Shutoff: 0.0809273
38.1659% complete. Max time remaining: 1 hr, 5 mins, 58 secs. Auto Shutoff: 0.0772441
39.1686% complete. Max time remaining: 1 hr, 4 mins, 53 secs. Auto Shutoff: 0.0795086
40.1712% complete. Max time remaining: 1 hr, 3 mins, 49 secs. Auto Shutoff: 0.0783118
41.1739% complete. Max time remaining: 1 hr, 2 mins, 45 secs. Auto Shutoff: 0.0774553
42.1766% complete. Max time remaining: 1 hr, 1 min, 40 secs. Auto Shutoff: 0.0782011
43.1793% complete. Max time remaining: 1 hr, 36 secs. Auto Shutoff: 0.0738231
44.182% complete. Max time remaining: 59 mins, 31 secs. Auto Shutoff: 0.0640449
45.1847% complete. Max time remaining: 58 mins, 27 secs. Auto Shutoff: 0.0622673
46.1874% complete. Max time remaining: 57 mins, 23 secs. Auto Shutoff: 0.0637058
47.1901% complete. Max time remaining: 56 mins, 19 secs. Auto Shutoff: 0.0634563
48.2087% complete. Max time remaining: 55 mins, 14 secs. Auto Shutoff: 0.0622565
49.2114% complete. Max time remaining: 54 mins, 10 secs. Auto Shutoff: 0.0642274
50.2141% complete. Max time remaining: 53 mins, 6 secs. Auto Shutoff: 0.0679171
51.2167% complete. Max time remaining: 52 mins, 1 secs. Auto Shutoff: 0.0624537
52.2194% complete. Max time remaining: 50 mins, 57 secs. Auto Shutoff: 0.0647101
53.2221% complete. Max time remaining: 49 mins, 53 secs. Auto Shutoff: 0.0629396
54.2248% complete. Max time remaining: 48 mins, 48 secs. Auto Shutoff: 0.0638891
55.2275% complete. Max time remaining: 47 mins, 44 secs. Auto Shutoff: 0.0548859
56.2302% complete. Max time remaining: 46 mins, 40 secs. Auto Shutoff: 0.0542316
57.2329% complete. Max time remaining: 45 mins, 36 secs. Auto Shutoff: 0.0529513
58.2356% complete. Max time remaining: 44 mins, 31 secs. Auto Shutoff: 0.0529916
59.2383% complete. Max time remaining: 43 mins, 27 secs. Auto Shutoff: 0.0520522
60.241% complete. Max time remaining: 42 mins, 23 secs. Auto Shutoff: 0.05433
61.2436% complete. Max time remaining: 41 mins, 19 secs. Auto Shutoff: 0.0520881
62.2463% complete. Max time remaining: 40 mins, 15 secs. Auto Shutoff: 0.0524769
63.249% complete. Max time remaining: 39 mins, 11 secs. Auto Shutoff: 0.0562032
64.2517% complete. Max time remaining: 38 mins, 7 secs. Auto Shutoff: 0.0533144
65.2544% complete. Max time remaining: 37 mins, 3 secs. Auto Shutoff: 0.0529779
66.2571% complete. Max time remaining: 35 mins, 59 secs. Auto Shutoff: 0.0490688
67.2598% complete. Max time remaining: 34 mins, 55 secs. Auto Shutoff: 0.0449545
68.2625% complete. Max time remaining: 33 mins, 51 secs. Auto Shutoff: 0.0463233
69.2652% complete. Max time remaining: 32 mins, 47 secs. Auto Shutoff: 0.0454601
70.2678% complete. Max time remaining: 31 mins, 42 secs. Auto Shutoff: 0.0450806
71.2865% complete. Max time remaining: 30 mins, 37 secs. Auto Shutoff: 0.0450519
72.2891% complete. Max time remaining: 29 mins, 33 secs. Auto Shutoff: 0.0448283
73.2918% complete. Max time remaining: 28 mins, 29 secs. Auto Shutoff: 0.0453623
74.2945% complete. Max time remaining: 27 mins, 25 secs. Auto Shutoff: 0.0451614
75.2972% complete. Max time remaining: 26 mins, 21 secs. Auto Shutoff: 0.0462698
76.2999% complete. Max time remaining: 25 mins, 16 secs. Auto Shutoff: 0.0453398
77.3026% complete. Max time remaining: 24 mins, 12 secs. Auto Shutoff: 0.0456074
78.3053% complete. Max time remaining: 23 mins, 8 secs. Auto Shutoff: 0.0386795
79.308% complete. Max time remaining: 22 mins, 4 secs. Auto Shutoff: 0.0391503
80.3107% complete. Max time remaining: 20 mins, 60 secs. Auto Shutoff: 0.0383373
81.3133% complete. Max time remaining: 19 mins, 56 secs. Auto Shutoff: 0.0385184
82.316% complete. Max time remaining: 18 mins, 51 secs. Auto Shutoff: 0.0396469
83.3187% complete. Max time remaining: 17 mins, 47 secs. Auto Shutoff: 0.0392311
84.3214% complete. Max time remaining: 16 mins, 43 secs. Auto Shutoff: 0.03872
85.3241% complete. Max time remaining: 15 mins, 39 secs. Auto Shutoff: 0.0382885
86.3268% complete. Max time remaining: 14 mins, 35 secs. Auto Shutoff: 0.0384034
87.3295% complete. Max time remaining: 13 mins, 30 secs. Auto Shutoff: 0.0383518
88.3322% complete. Max time remaining: 12 mins, 26 secs. Auto Shutoff: 0.0383696
89.3349% complete. Max time remaining: 11 mins, 22 secs. Auto Shutoff: 0.0351909
90.3376% complete. Max time remaining: 10 mins, 18 secs. Auto Shutoff: 0.0352894
91.3562% complete. Max time remaining: 9 mins, 13 secs. Auto Shutoff: 0.034111
92.3588% complete. Max time remaining: 8 mins, 9 secs. Auto Shutoff: 0.0352968
93.3615% complete. Max time remaining: 7 mins, 5 secs. Auto Shutoff: 0.0328969
94.3642% complete. Max time remaining: 6 mins, 1 secs. Auto Shutoff: 0.0338221
95.3669% complete. Max time remaining: 4 mins, 56 secs. Auto Shutoff: 0.0344602
96.3696% complete. Max time remaining: 3 mins, 52 secs. Auto Shutoff: 0.0339739
97.3723% complete. Max time remaining: 2 mins, 48 secs. Auto Shutoff: 0.0348961
98.375% complete. Max time remaining: 1 min, 44 secs. Auto Shutoff: 0.0344543
99.3777% complete. Max time remaining: 40 secs. Auto Shutoff: 0.0336867
Completed 50265 iterations, or 3.000011e-12s of Simulation Time
Process 0 starting to collect data
    collecting monitor data
    collecting source data
Using frequency dependent profile
Finished collecting data
left is a duplicate key.
bottom is a duplicate key.
z1 is a duplicate key.
z2 is a duplicate key.
Nx is a duplicate key.
Ny is a duplicate key.
Nz is a duplicate key.
left is a duplicate key.
bottom is a duplicate key.
z1 is a duplicate key.
z2 is a duplicate key.
Nx is a duplicate key.
Ny is a duplicate key.
Nz is a duplicate key.
Simulation completed successfully at: Thu Aug 15 01:03:20 2024
Overall wall time measurements in seconds: 6435.49
    time to mesh and initialize: 28.9366
    time to run FDTD simulation: 6403.05
    time to checkpoint simulation: 7e-07
    time to finalize data and save to files: 0.218064
    miscellaneous time: 3.28482
    FDTD solver speed on process 0: 7.53403 Mnodes/s
    total FDTD solver speed on 12 processes: 90.4083 Mnodes/s
